2025-10-02 19:19:47 | INFO     | Starting sync cycle #429
2025-10-02 19:19:47 | INFO     | Found 1 DBF file(s) in RMan_Export
2025-10-02 19:19:47 | INFO     | Processing: AnyConv.com__dummy_pos.dbf
2025-10-02 19:19:47 | INFO     | Detecting changes in AnyConv.com__dummy_pos.dbf
2025-10-02 19:19:47 | INFO     | Reading DBF file: RMan_Export/AnyConv.com__dummy_pos.dbf
2025-10-02 19:19:47 | INFO     | Successfully read 5 records from RMan_Export/AnyConv.com__dummy_pos.dbf
2025-10-02 19:19:47 | INFO     | Change detection complete for AnyConv.com__dummy_pos.dbf:
2025-10-02 19:19:47 | INFO     |   New records: 0
2025-10-02 19:19:47 | INFO     |   Updated records: 0
2025-10-02 19:19:47 | INFO     |   Deleted records: 0
2025-10-02 19:19:47 | INFO     |   Unchanged records: 5
2025-10-02 19:19:47 | INFO     |   Max DOC_NO: 0
2025-10-02 19:19:47 | INFO     | No changes detected in AnyConv.com__dummy_pos.dbf
2025-10-02 19:19:47 | INFO     | ============================================================
2025-10-02 19:19:47 | INFO     | Sync Cycle #429 Complete
2025-10-02 19:19:47 | INFO     |   Duration: 0.03 seconds
2025-10-02 19:19:47 | INFO     |   Files Processed: 1
2025-10-02 19:19:47 | INFO     |   New Records: 0
2025-10-02 19:19:47 | INFO     |   Updated Records: 0
2025-10-02 19:19:47 | INFO     |   Deleted Records: 0
2025-10-02 19:19:47 | INFO     |   CSV Files Created: 0
2025-10-02 19:19:47 | INFO     | ============================================================
2025-10-02 19:20:18 | INFO     | Starting sync cycle #430
2025-10-02 19:20:18 | INFO     | Found 1 DBF file(s) in RMan_Export
2025-10-02 19:20:18 | INFO     | Processing: AnyConv.com__dummy_pos.dbf
2025-10-02 19:20:18 | INFO     | Detecting changes in AnyConv.com__dummy_pos.dbf
2025-10-02 19:20:18 | INFO     | Reading DBF file: RMan_Export/AnyConv.com__dummy_pos.dbf
2025-10-02 19:20:18 | INFO     | Successfully read 5 records from RMan_Export/AnyConv.com__dummy_pos.dbf
2025-10-02 19:20:18 | INFO     | Change detection complete for AnyConv.com__dummy_pos.dbf:
2025-10-02 19:20:18 | INFO     |   New records: 0
2025-10-02 19:20:18 | INFO     |   Updated records: 0
2025-10-02 19:20:18 | INFO     |   Deleted records: 0
2025-10-02 19:20:18 | INFO     |   Unchanged records: 5
2025-10-02 19:20:18 | INFO     |   Max DOC_NO: 0
2025-10-02 19:20:18 | INFO     | No changes detected in AnyConv.com__dummy_pos.dbf
2025-10-02 19:20:18 | INFO     | ============================================================
2025-10-02 19:20:18 | INFO     | Sync Cycle #430 Complete
2025-10-02 19:20:18 | INFO     |   Duration: 0.02 seconds
2025-10-02 19:20:18 | INFO     |   Files Processed: 1
2025-10-02 19:20:18 | INFO     |   New Records: 0
2025-10-02 19:20:18 | INFO     |   Updated Records: 0
2025-10-02 19:20:18 | INFO     |   Deleted Records: 0
2025-10-02 19:20:18 | INFO     |   CSV Files Created: 0
2025-10-02 19:20:18 | INFO     | ============================================================
2025-10-02 19:35:32 | INFO     | Starting sync cycle #431
2025-10-02 19:35:32 | INFO     | Found 1 DBF file(s) in RMan_Export
2025-10-02 19:35:32 | INFO     | Processing: AnyConv.com__dummy_pos.dbf
2025-10-02 19:35:32 | INFO     | Detecting changes in AnyConv.com__dummy_pos.dbf
2025-10-02 19:35:32 | INFO     | Reading DBF file: RMan_Export/AnyConv.com__dummy_pos.dbf
2025-10-02 19:35:32 | INFO     | Successfully read 5 records from RMan_Export/AnyConv.com__dummy_pos.dbf
2025-10-02 19:35:32 | INFO     | Change detection complete for AnyConv.com__dummy_pos.dbf:
2025-10-02 19:35:32 | INFO     |   New records: 0
2025-10-02 19:35:32 | INFO     |   Updated records: 0
2025-10-02 19:35:32 | INFO     |   Deleted records: 0
2025-10-02 19:35:32 | INFO     |   Unchanged records: 5
2025-10-02 19:35:32 | INFO     |   Max DOC_NO: 0
2025-10-02 19:35:32 | INFO     | No changes detected in AnyConv.com__dummy_pos.dbf
2025-10-02 19:35:32 | INFO     | ============================================================
2025-10-02 19:35:32 | INFO     | Sync Cycle #431 Complete
2025-10-02 19:35:32 | INFO     |   Duration: 0.12 seconds
2025-10-02 19:35:32 | INFO     |   Files Processed: 1
2025-10-02 19:35:32 | INFO     |   New Records: 0
2025-10-02 19:35:32 | INFO     |   Updated Records: 0
2025-10-02 19:35:32 | INFO     |   Deleted Records: 0
2025-10-02 19:35:32 | INFO     |   CSV Files Created: 0
2025-10-02 19:35:32 | INFO     | ============================================================
2025-10-02 19:36:02 | INFO     | Starting sync cycle #432
2025-10-02 19:36:02 | INFO     | Found 1 DBF file(s) in RMan_Export
2025-10-02 19:36:02 | INFO     | Processing: AnyConv.com__dummy_pos.dbf
2025-10-02 19:36:02 | INFO     | Detecting changes in AnyConv.com__dummy_pos.dbf
2025-10-02 19:36:02 | INFO     | Reading DBF file: RMan_Export/AnyConv.com__dummy_pos.dbf
2025-10-02 19:36:02 | INFO     | Successfully read 5 records from RMan_Export/AnyConv.com__dummy_pos.dbf
2025-10-02 19:36:02 | INFO     | Change detection complete for AnyConv.com__dummy_pos.dbf:
2025-10-02 19:36:02 | INFO     |   New records: 0
2025-10-02 19:36:02 | INFO     |   Updated records: 0
2025-10-02 19:36:02 | INFO     |   Deleted records: 0
2025-10-02 19:36:02 | INFO     |   Unchanged records: 5
2025-10-02 19:36:02 | INFO     |   Max DOC_NO: 0
2025-10-02 19:36:02 | INFO     | No changes detected in AnyConv.com__dummy_pos.dbf
2025-10-02 19:36:02 | INFO     | ============================================================
2025-10-02 19:36:02 | INFO     | Sync Cycle #432 Complete
2025-10-02 19:36:02 | INFO     |   Duration: 0.03 seconds
2025-10-02 19:36:02 | INFO     |   Files Processed: 1
2025-10-02 19:36:02 | INFO     |   New Records: 0
2025-10-02 19:36:02 | INFO     |   Updated Records: 0
2025-10-02 19:36:02 | INFO     |   Deleted Records: 0
2025-10-02 19:36:02 | INFO     |   CSV Files Created: 0
2025-10-02 19:36:02 | INFO     | ============================================================
2025-10-02 19:36:32 | INFO     | Starting sync cycle #433
2025-10-02 19:36:32 | INFO     | Found 1 DBF file(s) in RMan_Export
2025-10-02 19:36:32 | INFO     | Processing: AnyConv.com__dummy_pos.dbf
2025-10-02 19:36:32 | INFO     | Detecting changes in AnyConv.com__dummy_pos.dbf
2025-10-02 19:36:32 | INFO     | Reading DBF file: RMan_Export/AnyConv.com__dummy_pos.dbf
2025-10-02 19:36:32 | INFO     | Successfully read 5 records from RMan_Export/AnyConv.com__dummy_pos.dbf
2025-10-02 19:36:32 | INFO     | Change detection complete for AnyConv.com__dummy_pos.dbf:
2025-10-02 19:36:32 | INFO     |   New records: 0
2025-10-02 19:36:32 | INFO     |   Updated records: 0
2025-10-02 19:36:32 | INFO     |   Deleted records: 0
2025-10-02 19:36:32 | INFO     |   Unchanged records: 5
2025-10-02 19:36:32 | INFO     |   Max DOC_NO: 0
2025-10-02 19:36:32 | INFO     | No changes detected in AnyConv.com__dummy_pos.dbf
2025-10-02 19:36:32 | INFO     | ============================================================
2025-10-02 19:36:32 | INFO     | Sync Cycle #433 Complete
2025-10-02 19:36:32 | INFO     |   Duration: 0.01 seconds
2025-10-02 19:36:32 | INFO     |   Files Processed: 1
2025-10-02 19:36:32 | INFO     |   New Records: 0
2025-10-02 19:36:32 | INFO     |   Updated Records: 0
2025-10-02 19:36:32 | INFO     |   Deleted Records: 0
2025-10-02 19:36:32 | INFO     |   CSV Files Created: 0
2025-10-02 19:36:32 | INFO     | ============================================================
2025-10-02 19:37:03 | INFO     | Starting sync cycle #434
2025-10-02 19:37:03 | INFO     | Found 1 DBF file(s) in RMan_Export
2025-10-02 19:37:03 | INFO     | Processing: AnyConv.com__dummy_pos.dbf
2025-10-02 19:37:03 | INFO     | Detecting changes in AnyConv.com__dummy_pos.dbf
2025-10-02 19:37:03 | INFO     | Reading DBF file: RMan_Export/AnyConv.com__dummy_pos.dbf
2025-10-02 19:37:03 | INFO     | Successfully read 5 records from RMan_Export/AnyConv.com__dummy_pos.dbf
2025-10-02 19:37:03 | INFO     | Change detection complete for AnyConv.com__dummy_pos.dbf:
2025-10-02 19:37:03 | INFO     |   New records: 0
2025-10-02 19:37:03 | INFO     |   Updated records: 0
2025-10-02 19:37:03 | INFO     |   Deleted records: 0
2025-10-02 19:37:03 | INFO     |   Unchanged records: 5
2025-10-02 19:37:03 | INFO     |   Max DOC_NO: 0
2025-10-02 19:37:03 | INFO     | No changes detected in AnyConv.com__dummy_pos.dbf
2025-10-02 19:37:03 | INFO     | ============================================================
2025-10-02 19:37:03 | INFO     | Sync Cycle #434 Complete
2025-10-02 19:37:03 | INFO     |   Duration: 0.03 seconds
2025-10-02 19:37:03 | INFO     |   Files Processed: 1
2025-10-02 19:37:03 | INFO     |   New Records: 0
2025-10-02 19:37:03 | INFO     |   Updated Records: 0
2025-10-02 19:37:03 | INFO     |   Deleted Records: 0
2025-10-02 19:37:03 | INFO     |   CSV Files Created: 0
2025-10-02 19:37:03 | INFO     | ============================================================
2025-10-02 19:37:33 | INFO     | Starting sync cycle #435
2025-10-02 19:37:33 | INFO     | Found 1 DBF file(s) in RMan_Export
2025-10-02 19:37:33 | INFO     | Processing: AnyConv.com__dummy_pos.dbf
2025-10-02 19:37:33 | INFO     | Detecting changes in AnyConv.com__dummy_pos.dbf
2025-10-02 19:37:33 | INFO     | Reading DBF file: RMan_Export/AnyConv.com__dummy_pos.dbf
2025-10-02 19:37:33 | INFO     | Successfully read 5 records from RMan_Export/AnyConv.com__dummy_pos.dbf
2025-10-02 19:37:33 | INFO     | Change detection complete for AnyConv.com__dummy_pos.dbf:
2025-10-02 19:37:33 | INFO     |   New records: 0
2025-10-02 19:37:33 | INFO     |   Updated records: 0
2025-10-02 19:37:33 | INFO     |   Deleted records: 0
2025-10-02 19:37:33 | INFO     |   Unchanged records: 5
2025-10-02 19:37:33 | INFO     |   Max DOC_NO: 0
2025-10-02 19:37:33 | INFO     | No changes detected in AnyConv.com__dummy_pos.dbf
2025-10-02 19:37:33 | INFO     | ============================================================
2025-10-02 19:37:33 | INFO     | Sync Cycle #435 Complete
2025-10-02 19:37:33 | INFO     |   Duration: 0.03 seconds
2025-10-02 19:37:33 | INFO     |   Files Processed: 1
2025-10-02 19:37:33 | INFO     |   New Records: 0
2025-10-02 19:37:33 | INFO     |   Updated Records: 0
2025-10-02 19:37:33 | INFO     |   Deleted Records: 0
2025-10-02 19:37:33 | INFO     |   CSV Files Created: 0
2025-10-02 19:37:33 | INFO     | ============================================================
2025-10-02 19:38:03 | INFO     | Starting sync cycle #436
2025-10-02 19:38:03 | INFO     | Found 1 DBF file(s) in RMan_Export
2025-10-02 19:38:03 | INFO     | Processing: AnyConv.com__dummy_pos.dbf
2025-10-02 19:38:03 | INFO     | Detecting changes in AnyConv.com__dummy_pos.dbf
2025-10-02 19:38:03 | INFO     | Reading DBF file: RMan_Export/AnyConv.com__dummy_pos.dbf
2025-10-02 19:38:03 | INFO     | Successfully read 5 records from RMan_Export/AnyConv.com__dummy_pos.dbf
2025-10-02 19:38:03 | INFO     | Change detection complete for AnyConv.com__dummy_pos.dbf:
2025-10-02 19:38:03 | INFO     |   New records: 0
2025-10-02 19:38:03 | INFO     |   Updated records: 0
2025-10-02 19:38:03 | INFO     |   Deleted records: 0
2025-10-02 19:38:03 | INFO     |   Unchanged records: 5
2025-10-02 19:38:03 | INFO     |   Max DOC_NO: 0
2025-10-02 19:38:03 | INFO     | No changes detected in AnyConv.com__dummy_pos.dbf
2025-10-02 19:38:03 | INFO     | ============================================================
2025-10-02 19:38:03 | INFO     | Sync Cycle #436 Complete
2025-10-02 19:38:03 | INFO     |   Duration: 0.02 seconds
2025-10-02 19:38:03 | INFO     |   Files Processed: 1
2025-10-02 19:38:03 | INFO     |   New Records: 0
2025-10-02 19:38:03 | INFO     |   Updated Records: 0
2025-10-02 19:38:03 | INFO     |   Deleted Records: 0
2025-10-02 19:38:03 | INFO     |   CSV Files Created: 0
2025-10-02 19:38:03 | INFO     | ============================================================
2025-10-02 19:38:33 | INFO     | Starting sync cycle #437
2025-10-02 19:38:33 | INFO     | Found 1 DBF file(s) in RMan_Export
2025-10-02 19:38:33 | INFO     | Processing: AnyConv.com__dummy_pos.dbf
2025-10-02 19:38:33 | INFO     | Detecting changes in AnyConv.com__dummy_pos.dbf
2025-10-02 19:38:33 | INFO     | Reading DBF file: RMan_Export/AnyConv.com__dummy_pos.dbf
2025-10-02 19:38:33 | INFO     | Successfully read 5 records from RMan_Export/AnyConv.com__dummy_pos.dbf
2025-10-02 19:38:33 | INFO     | Change detection complete for AnyConv.com__dummy_pos.dbf:
2025-10-02 19:38:33 | INFO     |   New records: 0
2025-10-02 19:38:33 | INFO     |   Updated records: 0
2025-10-02 19:38:33 | INFO     |   Deleted records: 0
2025-10-02 19:38:33 | INFO     |   Unchanged records: 5
2025-10-02 19:38:33 | INFO     |   Max DOC_NO: 0
2025-10-02 19:38:33 | INFO     | No changes detected in AnyConv.com__dummy_pos.dbf
2025-10-02 19:38:33 | INFO     | ============================================================
2025-10-02 19:38:33 | INFO     | Sync Cycle #437 Complete
2025-10-02 19:38:33 | INFO     |   Duration: 0.03 seconds
2025-10-02 19:38:33 | INFO     |   Files Processed: 1
2025-10-02 19:38:33 | INFO     |   New Records: 0
2025-10-02 19:38:33 | INFO     |   Updated Records: 0
2025-10-02 19:38:33 | INFO     |   Deleted Records: 0
2025-10-02 19:38:33 | INFO     |   CSV Files Created: 0
2025-10-02 19:38:33 | INFO     | ============================================================
2025-10-02 19:39:04 | INFO     | Starting sync cycle #438
2025-10-02 19:39:04 | INFO     | Found 1 DBF file(s) in RMan_Export
2025-10-02 19:39:04 | INFO     | Processing: AnyConv.com__dummy_pos.dbf
2025-10-02 19:39:04 | INFO     | Detecting changes in AnyConv.com__dummy_pos.dbf
2025-10-02 19:39:04 | INFO     | Reading DBF file: RMan_Export/AnyConv.com__dummy_pos.dbf
2025-10-02 19:39:04 | INFO     | Successfully read 5 records from RMan_Export/AnyConv.com__dummy_pos.dbf
2025-10-02 19:39:04 | INFO     | Change detection complete for AnyConv.com__dummy_pos.dbf:
2025-10-02 19:39:04 | INFO     |   New records: 0
2025-10-02 19:39:04 | INFO     |   Updated records: 0
2025-10-02 19:39:04 | INFO     |   Deleted records: 0
2025-10-02 19:39:04 | INFO     |   Unchanged records: 5
2025-10-02 19:39:04 | INFO     |   Max DOC_NO: 0
2025-10-02 19:39:04 | INFO     | No changes detected in AnyConv.com__dummy_pos.dbf
2025-10-02 19:39:04 | INFO     | ============================================================
2025-10-02 19:39:04 | INFO     | Sync Cycle #438 Complete
2025-10-02 19:39:04 | INFO     |   Duration: 0.01 seconds
2025-10-02 19:39:04 | INFO     |   Files Processed: 1
2025-10-02 19:39:04 | INFO     |   New Records: 0
2025-10-02 19:39:04 | INFO     |   Updated Records: 0
2025-10-02 19:39:04 | INFO     |   Deleted Records: 0
2025-10-02 19:39:04 | INFO     |   CSV Files Created: 0
2025-10-02 19:39:04 | INFO     | ============================================================
2025-10-02 19:39:34 | INFO     | Starting sync cycle #439
2025-10-02 19:39:34 | INFO     | Found 1 DBF file(s) in RMan_Export
2025-10-02 19:39:34 | INFO     | Processing: AnyConv.com__dummy_pos.dbf
2025-10-02 19:39:34 | INFO     | Detecting changes in AnyConv.com__dummy_pos.dbf
2025-10-02 19:39:34 | INFO     | Reading DBF file: RMan_Export/AnyConv.com__dummy_pos.dbf
2025-10-02 19:39:34 | INFO     | Successfully read 5 records from RMan_Export/AnyConv.com__dummy_pos.dbf
2025-10-02 19:39:34 | INFO     | Change detection complete for AnyConv.com__dummy_pos.dbf:
2025-10-02 19:39:34 | INFO     |   New records: 0
2025-10-02 19:39:34 | INFO     |   Updated records: 0
2025-10-02 19:39:34 | INFO     |   Deleted records: 0
2025-10-02 19:39:34 | INFO     |   Unchanged records: 5
2025-10-02 19:39:34 | INFO     |   Max DOC_NO: 0
2025-10-02 19:39:34 | INFO     | No changes detected in AnyConv.com__dummy_pos.dbf
2025-10-02 19:39:34 | INFO     | ============================================================
2025-10-02 19:39:34 | INFO     | Sync Cycle #439 Complete
2025-10-02 19:39:34 | INFO     |   Duration: 0.02 seconds
2025-10-02 19:39:34 | INFO     |   Files Processed: 1
2025-10-02 19:39:34 | INFO     |   New Records: 0
2025-10-02 19:39:34 | INFO     |   Updated Records: 0
2025-10-02 19:39:34 | INFO     |   Deleted Records: 0
2025-10-02 19:39:34 | INFO     |   CSV Files Created: 0
2025-10-02 19:39:34 | INFO     | ============================================================
2025-10-02 19:40:04 | INFO     | Starting sync cycle #440
2025-10-02 19:40:04 | INFO     | Found 1 DBF file(s) in RMan_Export
2025-10-02 19:40:04 | INFO     | Processing: AnyConv.com__dummy_pos.dbf
2025-10-02 19:40:04 | INFO     | Detecting changes in AnyConv.com__dummy_pos.dbf
2025-10-02 19:40:04 | INFO     | Reading DBF file: RMan_Export/AnyConv.com__dummy_pos.dbf
2025-10-02 19:40:04 | INFO     | Successfully read 5 records from RMan_Export/AnyConv.com__dummy_pos.dbf
2025-10-02 19:40:04 | INFO     | Change detection complete for AnyConv.com__dummy_pos.dbf:
2025-10-02 19:40:04 | INFO     |   New records: 0
2025-10-02 19:40:04 | INFO     |   Updated records: 0
2025-10-02 19:40:04 | INFO     |   Deleted records: 0
2025-10-02 19:40:04 | INFO     |   Unchanged records: 5
2025-10-02 19:40:04 | INFO     |   Max DOC_NO: 0
2025-10-02 19:40:04 | INFO     | No changes detected in AnyConv.com__dummy_pos.dbf
2025-10-02 19:40:04 | INFO     | ============================================================
2025-10-02 19:40:04 | INFO     | Sync Cycle #440 Complete
2025-10-02 19:40:04 | INFO     |   Duration: 0.02 seconds
2025-10-02 19:40:04 | INFO     |   Files Processed: 1
2025-10-02 19:40:04 | INFO     |   New Records: 0
2025-10-02 19:40:04 | INFO     |   Updated Records: 0
2025-10-02 19:40:04 | INFO     |   Deleted Records: 0
2025-10-02 19:40:04 | INFO     |   CSV Files Created: 0
2025-10-02 19:40:04 | INFO     | ============================================================
2025-10-02 19:40:34 | INFO     | Starting sync cycle #441
2025-10-02 19:40:34 | INFO     | Found 1 DBF file(s) in RMan_Export
2025-10-02 19:40:34 | INFO     | Processing: AnyConv.com__dummy_pos.dbf
2025-10-02 19:40:34 | INFO     | Detecting changes in AnyConv.com__dummy_pos.dbf
2025-10-02 19:40:34 | INFO     | Reading DBF file: RMan_Export/AnyConv.com__dummy_pos.dbf
2025-10-02 19:40:34 | INFO     | Successfully read 5 records from RMan_Export/AnyConv.com__dummy_pos.dbf
2025-10-02 19:40:34 | INFO     | Change detection complete for AnyConv.com__dummy_pos.dbf:
2025-10-02 19:40:34 | INFO     |   New records: 0
2025-10-02 19:40:34 | INFO     |   Updated records: 0
2025-10-02 19:40:34 | INFO     |   Deleted records: 0
2025-10-02 19:40:34 | INFO     |   Unchanged records: 5
2025-10-02 19:40:34 | INFO     |   Max DOC_NO: 0
2025-10-02 19:40:34 | INFO     | No changes detected in AnyConv.com__dummy_pos.dbf
2025-10-02 19:40:34 | INFO     | ============================================================
2025-10-02 19:40:34 | INFO     | Sync Cycle #441 Complete
2025-10-02 19:40:34 | INFO     |   Duration: 0.01 seconds
2025-10-02 19:40:34 | INFO     |   Files Processed: 1
2025-10-02 19:40:34 | INFO     |   New Records: 0
2025-10-02 19:40:34 | INFO     |   Updated Records: 0
2025-10-02 19:40:34 | INFO     |   Deleted Records: 0
2025-10-02 19:40:34 | INFO     |   CSV Files Created: 0
2025-10-02 19:40:34 | INFO     | ============================================================
2025-10-02 19:41:05 | INFO     | Starting sync cycle #442
2025-10-02 19:41:05 | INFO     | Found 1 DBF file(s) in RMan_Export
2025-10-02 19:41:05 | INFO     | Processing: AnyConv.com__dummy_pos.dbf
2025-10-02 19:41:05 | INFO     | Detecting changes in AnyConv.com__dummy_pos.dbf
2025-10-02 19:41:05 | INFO     | Reading DBF file: RMan_Export/AnyConv.com__dummy_pos.dbf
2025-10-02 19:41:05 | INFO     | Successfully read 5 records from RMan_Export/AnyConv.com__dummy_pos.dbf
2025-10-02 19:41:05 | INFO     | Change detection complete for AnyConv.com__dummy_pos.dbf:
2025-10-02 19:41:05 | INFO     |   New records: 0
2025-10-02 19:41:05 | INFO     |   Updated records: 0
2025-10-02 19:41:05 | INFO     |   Deleted records: 0
2025-10-02 19:41:05 | INFO     |   Unchanged records: 5
2025-10-02 19:41:05 | INFO     |   Max DOC_NO: 0
2025-10-02 19:41:05 | INFO     | No changes detected in AnyConv.com__dummy_pos.dbf
2025-10-02 19:41:05 | INFO     | ============================================================
2025-10-02 19:41:05 | INFO     | Sync Cycle #442 Complete
2025-10-02 19:41:05 | INFO     |   Duration: 0.01 seconds
2025-10-02 19:41:05 | INFO     |   Files Processed: 1
2025-10-02 19:41:05 | INFO     |   New Records: 0
2025-10-02 19:41:05 | INFO     |   Updated Records: 0
2025-10-02 19:41:05 | INFO     |   Deleted Records: 0
2025-10-02 19:41:05 | INFO     |   CSV Files Created: 0
2025-10-02 19:41:05 | INFO     | ============================================================
2025-10-02 19:41:35 | INFO     | Starting sync cycle #443
2025-10-02 19:41:35 | INFO     | Found 1 DBF file(s) in RMan_Export
2025-10-02 19:41:35 | INFO     | Processing: AnyConv.com__dummy_pos.dbf
2025-10-02 19:41:35 | INFO     | Detecting changes in AnyConv.com__dummy_pos.dbf
2025-10-02 19:41:35 | INFO     | Reading DBF file: RMan_Export/AnyConv.com__dummy_pos.dbf
2025-10-02 19:41:35 | INFO     | Successfully read 5 records from RMan_Export/AnyConv.com__dummy_pos.dbf
2025-10-02 19:41:35 | INFO     | Change detection complete for AnyConv.com__dummy_pos.dbf:
2025-10-02 19:41:35 | INFO     |   New records: 0
2025-10-02 19:41:35 | INFO     |   Updated records: 0
2025-10-02 19:41:35 | INFO     |   Deleted records: 0
2025-10-02 19:41:35 | INFO     |   Unchanged records: 5
2025-10-02 19:41:35 | INFO     |   Max DOC_NO: 0
2025-10-02 19:41:35 | INFO     | No changes detected in AnyConv.com__dummy_pos.dbf
2025-10-02 19:41:35 | INFO     | ============================================================
2025-10-02 19:41:35 | INFO     | Sync Cycle #443 Complete
2025-10-02 19:41:35 | INFO     |   Duration: 0.08 seconds
2025-10-02 19:41:35 | INFO     |   Files Processed: 1
2025-10-02 19:41:35 | INFO     |   New Records: 0
2025-10-02 19:41:35 | INFO     |   Updated Records: 0
2025-10-02 19:41:35 | INFO     |   Deleted Records: 0
2025-10-02 19:41:35 | INFO     |   CSV Files Created: 0
2025-10-02 19:41:35 | INFO     | ============================================================
2025-10-02 19:42:05 | INFO     | Starting sync cycle #444
2025-10-02 19:42:05 | INFO     | Found 1 DBF file(s) in RMan_Export
2025-10-02 19:42:05 | INFO     | Processing: AnyConv.com__dummy_pos.dbf
2025-10-02 19:42:05 | INFO     | Detecting changes in AnyConv.com__dummy_pos.dbf
2025-10-02 19:42:05 | INFO     | Reading DBF file: RMan_Export/AnyConv.com__dummy_pos.dbf
2025-10-02 19:42:05 | INFO     | Successfully read 5 records from RMan_Export/AnyConv.com__dummy_pos.dbf
2025-10-02 19:42:05 | INFO     | Change detection complete for AnyConv.com__dummy_pos.dbf:
2025-10-02 19:42:05 | INFO     |   New records: 0
2025-10-02 19:42:05 | INFO     |   Updated records: 0
2025-10-02 19:42:05 | INFO     |   Deleted records: 0
2025-10-02 19:42:05 | INFO     |   Unchanged records: 5
2025-10-02 19:42:05 | INFO     |   Max DOC_NO: 0
2025-10-02 19:42:05 | INFO     | No changes detected in AnyConv.com__dummy_pos.dbf
2025-10-02 19:42:05 | INFO     | ============================================================
2025-10-02 19:42:05 | INFO     | Sync Cycle #444 Complete
2025-10-02 19:42:05 | INFO     |   Duration: 0.01 seconds
2025-10-02 19:42:05 | INFO     |   Files Processed: 1
2025-10-02 19:42:05 | INFO     |   New Records: 0
2025-10-02 19:42:05 | INFO     |   Updated Records: 0
2025-10-02 19:42:05 | INFO     |   Deleted Records: 0
2025-10-02 19:42:05 | INFO     |   CSV Files Created: 0
2025-10-02 19:42:05 | INFO     | ============================================================
2025-10-02 19:42:35 | INFO     | Starting sync cycle #445
2025-10-02 19:42:35 | INFO     | Found 1 DBF file(s) in RMan_Export
2025-10-02 19:42:35 | INFO     | Processing: AnyConv.com__dummy_pos.dbf
2025-10-02 19:42:35 | INFO     | Detecting changes in AnyConv.com__dummy_pos.dbf
2025-10-02 19:42:35 | INFO     | Reading DBF file: RMan_Export/AnyConv.com__dummy_pos.dbf
2025-10-02 19:42:35 | INFO     | Successfully read 5 records from RMan_Export/AnyConv.com__dummy_pos.dbf
2025-10-02 19:42:35 | INFO     | Change detection complete for AnyConv.com__dummy_pos.dbf:
2025-10-02 19:42:35 | INFO     |   New records: 0
2025-10-02 19:42:35 | INFO     |   Updated records: 0
2025-10-02 19:42:35 | INFO     |   Deleted records: 0
2025-10-02 19:42:35 | INFO     |   Unchanged records: 5
2025-10-02 19:42:35 | INFO     |   Max DOC_NO: 0
2025-10-02 19:42:35 | INFO     | No changes detected in AnyConv.com__dummy_pos.dbf
2025-10-02 19:42:35 | INFO     | ============================================================
2025-10-02 19:42:35 | INFO     | Sync Cycle #445 Complete
2025-10-02 19:42:35 | INFO     |   Duration: 0.01 seconds
2025-10-02 19:42:35 | INFO     |   Files Processed: 1
2025-10-02 19:42:35 | INFO     |   New Records: 0
2025-10-02 19:42:35 | INFO     |   Updated Records: 0
2025-10-02 19:42:35 | INFO     |   Deleted Records: 0
2025-10-02 19:42:35 | INFO     |   CSV Files Created: 0
2025-10-02 19:42:35 | INFO     | ============================================================
2025-10-02 19:43:06 | INFO     | Starting sync cycle #446
2025-10-02 19:43:06 | INFO     | Found 1 DBF file(s) in RMan_Export
2025-10-02 19:43:06 | INFO     | Processing: AnyConv.com__dummy_pos.dbf
2025-10-02 19:43:06 | INFO     | Detecting changes in AnyConv.com__dummy_pos.dbf
2025-10-02 19:43:06 | INFO     | Reading DBF file: RMan_Export/AnyConv.com__dummy_pos.dbf
2025-10-02 19:43:06 | INFO     | Successfully read 5 records from RMan_Export/AnyConv.com__dummy_pos.dbf
2025-10-02 19:43:06 | INFO     | Change detection complete for AnyConv.com__dummy_pos.dbf:
2025-10-02 19:43:06 | INFO     |   New records: 0
2025-10-02 19:43:06 | INFO     |   Updated records: 0
2025-10-02 19:43:06 | INFO     |   Deleted records: 0
2025-10-02 19:43:06 | INFO     |   Unchanged records: 5
2025-10-02 19:43:06 | INFO     |   Max DOC_NO: 0
2025-10-02 19:43:06 | INFO     | No changes detected in AnyConv.com__dummy_pos.dbf
2025-10-02 19:43:06 | INFO     | ============================================================
2025-10-02 19:43:06 | INFO     | Sync Cycle #446 Complete
2025-10-02 19:43:06 | INFO     |   Duration: 0.01 seconds
2025-10-02 19:43:06 | INFO     |   Files Processed: 1
2025-10-02 19:43:06 | INFO     |   New Records: 0
2025-10-02 19:43:06 | INFO     |   Updated Records: 0
2025-10-02 19:43:06 | INFO     |   Deleted Records: 0
2025-10-02 19:43:06 | INFO     |   CSV Files Created: 0
2025-10-02 19:43:06 | INFO     | ============================================================
2025-10-02 19:43:36 | INFO     | Starting sync cycle #447
2025-10-02 19:43:36 | INFO     | Found 1 DBF file(s) in RMan_Export
2025-10-02 19:43:36 | INFO     | Processing: AnyConv.com__dummy_pos.dbf
2025-10-02 19:43:36 | INFO     | Detecting changes in AnyConv.com__dummy_pos.dbf
2025-10-02 19:43:36 | INFO     | Reading DBF file: RMan_Export/AnyConv.com__dummy_pos.dbf
2025-10-02 19:43:36 | INFO     | Successfully read 5 records from RMan_Export/AnyConv.com__dummy_pos.dbf
2025-10-02 19:43:36 | INFO     | Change detection complete for AnyConv.com__dummy_pos.dbf:
2025-10-02 19:43:36 | INFO     |   New records: 0
2025-10-02 19:43:36 | INFO     |   Updated records: 0
2025-10-02 19:43:36 | INFO     |   Deleted records: 0
2025-10-02 19:43:36 | INFO     |   Unchanged records: 5
2025-10-02 19:43:36 | INFO     |   Max DOC_NO: 0
2025-10-02 19:43:36 | INFO     | No changes detected in AnyConv.com__dummy_pos.dbf
2025-10-02 19:43:36 | INFO     | ============================================================
2025-10-02 19:43:36 | INFO     | Sync Cycle #447 Complete
2025-10-02 19:43:36 | INFO     |   Duration: 0.01 seconds
2025-10-02 19:43:36 | INFO     |   Files Processed: 1
2025-10-02 19:43:36 | INFO     |   New Records: 0
2025-10-02 19:43:36 | INFO     |   Updated Records: 0
2025-10-02 19:43:36 | INFO     |   Deleted Records: 0
2025-10-02 19:43:36 | INFO     |   CSV Files Created: 0
2025-10-02 19:43:36 | INFO     | ============================================================
2025-10-02 19:44:06 | INFO     | Starting sync cycle #448
2025-10-02 19:44:06 | INFO     | Found 1 DBF file(s) in RMan_Export
2025-10-02 19:44:06 | INFO     | Processing: AnyConv.com__dummy_pos.dbf
2025-10-02 19:44:06 | INFO     | Detecting changes in AnyConv.com__dummy_pos.dbf
2025-10-02 19:44:06 | INFO     | Reading DBF file: RMan_Export/AnyConv.com__dummy_pos.dbf
2025-10-02 19:44:06 | INFO     | Successfully read 5 records from RMan_Export/AnyConv.com__dummy_pos.dbf
2025-10-02 19:44:06 | INFO     | Change detection complete for AnyConv.com__dummy_pos.dbf:
2025-10-02 19:44:06 | INFO     |   New records: 0
2025-10-02 19:44:06 | INFO     |   Updated records: 0
2025-10-02 19:44:06 | INFO     |   Deleted records: 0
2025-10-02 19:44:06 | INFO     |   Unchanged records: 5
2025-10-02 19:44:06 | INFO     |   Max DOC_NO: 0
2025-10-02 19:44:06 | INFO     | No changes detected in AnyConv.com__dummy_pos.dbf
2025-10-02 19:44:06 | INFO     | ============================================================
2025-10-02 19:44:06 | INFO     | Sync Cycle #448 Complete
2025-10-02 19:44:06 | INFO     |   Duration: 0.01 seconds
2025-10-02 19:44:06 | INFO     |   Files Processed: 1
2025-10-02 19:44:06 | INFO     |   New Records: 0
2025-10-02 19:44:06 | INFO     |   Updated Records: 0
2025-10-02 19:44:06 | INFO     |   Deleted Records: 0
2025-10-02 19:44:06 | INFO     |   CSV Files Created: 0
2025-10-02 19:44:06 | INFO     | ============================================================
2025-10-02 19:44:36 | INFO     | Starting sync cycle #449
2025-10-02 19:44:36 | INFO     | Found 1 DBF file(s) in RMan_Export
2025-10-02 19:44:36 | INFO     | Processing: AnyConv.com__dummy_pos.dbf
2025-10-02 19:44:36 | INFO     | Detecting changes in AnyConv.com__dummy_pos.dbf
2025-10-02 19:44:36 | INFO     | Reading DBF file: RMan_Export/AnyConv.com__dummy_pos.dbf
2025-10-02 19:44:36 | INFO     | Successfully read 5 records from RMan_Export/AnyConv.com__dummy_pos.dbf
2025-10-02 19:44:36 | INFO     | Change detection complete for AnyConv.com__dummy_pos.dbf:
2025-10-02 19:44:36 | INFO     |   New records: 0
2025-10-02 19:44:36 | INFO     |   Updated records: 0
2025-10-02 19:44:36 | INFO     |   Deleted records: 0
2025-10-02 19:44:36 | INFO     |   Unchanged records: 5
2025-10-02 19:44:36 | INFO     |   Max DOC_NO: 0
2025-10-02 19:44:36 | INFO     | No changes detected in AnyConv.com__dummy_pos.dbf
2025-10-02 19:44:36 | INFO     | ============================================================
2025-10-02 19:44:36 | INFO     | Sync Cycle #449 Complete
2025-10-02 19:44:36 | INFO     |   Duration: 0.01 seconds
2025-10-02 19:44:36 | INFO     |   Files Processed: 1
2025-10-02 19:44:36 | INFO     |   New Records: 0
2025-10-02 19:44:36 | INFO     |   Updated Records: 0
2025-10-02 19:44:36 | INFO     |   Deleted Records: 0
2025-10-02 19:44:36 | INFO     |   CSV Files Created: 0
2025-10-02 19:44:36 | INFO     | ============================================================
2025-10-02 19:45:06 | INFO     | Starting sync cycle #450
2025-10-02 19:45:06 | INFO     | Found 1 DBF file(s) in RMan_Export
2025-10-02 19:45:06 | INFO     | Processing: AnyConv.com__dummy_pos.dbf
2025-10-02 19:45:06 | INFO     | Detecting changes in AnyConv.com__dummy_pos.dbf
2025-10-02 19:45:06 | INFO     | Reading DBF file: RMan_Export/AnyConv.com__dummy_pos.dbf
2025-10-02 19:45:06 | INFO     | Successfully read 5 records from RMan_Export/AnyConv.com__dummy_pos.dbf
2025-10-02 19:45:06 | INFO     | Change detection complete for AnyConv.com__dummy_pos.dbf:
2025-10-02 19:45:06 | INFO     |   New records: 0
2025-10-02 19:45:06 | INFO     |   Updated records: 0
2025-10-02 19:45:06 | INFO     |   Deleted records: 0
2025-10-02 19:45:06 | INFO     |   Unchanged records: 5
2025-10-02 19:45:06 | INFO     |   Max DOC_NO: 0
2025-10-02 19:45:06 | INFO     | No changes detected in AnyConv.com__dummy_pos.dbf
2025-10-02 19:45:06 | INFO     | ============================================================
2025-10-02 19:45:06 | INFO     | Sync Cycle #450 Complete
2025-10-02 19:45:06 | INFO     |   Duration: 0.02 seconds
2025-10-02 19:45:06 | INFO     |   Files Processed: 1
2025-10-02 19:45:06 | INFO     |   New Records: 0
2025-10-02 19:45:06 | INFO     |   Updated Records: 0
2025-10-02 19:45:06 | INFO     |   Deleted Records: 0
2025-10-02 19:45:06 | INFO     |   CSV Files Created: 0
2025-10-02 19:45:06 | INFO     | ============================================================
2025-10-02 19:45:37 | INFO     | Starting sync cycle #451
2025-10-02 19:45:37 | INFO     | Found 1 DBF file(s) in RMan_Export
2025-10-02 19:45:37 | INFO     | Processing: AnyConv.com__dummy_pos.dbf
2025-10-02 19:45:37 | INFO     | Detecting changes in AnyConv.com__dummy_pos.dbf
2025-10-02 19:45:37 | INFO     | Reading DBF file: RMan_Export/AnyConv.com__dummy_pos.dbf
2025-10-02 19:45:37 | INFO     | Successfully read 5 records from RMan_Export/AnyConv.com__dummy_pos.dbf
2025-10-02 19:45:37 | INFO     | Change detection complete for AnyConv.com__dummy_pos.dbf:
2025-10-02 19:45:37 | INFO     |   New records: 0
2025-10-02 19:45:37 | INFO     |   Updated records: 0
2025-10-02 19:45:37 | INFO     |   Deleted records: 0
2025-10-02 19:45:37 | INFO     |   Unchanged records: 5
2025-10-02 19:45:37 | INFO     |   Max DOC_NO: 0
2025-10-02 19:45:37 | INFO     | No changes detected in AnyConv.com__dummy_pos.dbf
2025-10-02 19:45:37 | INFO     | ============================================================
2025-10-02 19:45:37 | INFO     | Sync Cycle #451 Complete
2025-10-02 19:45:37 | INFO     |   Duration: 0.01 seconds
2025-10-02 19:45:37 | INFO     |   Files Processed: 1
2025-10-02 19:45:37 | INFO     |   New Records: 0
2025-10-02 19:45:37 | INFO     |   Updated Records: 0
2025-10-02 19:45:37 | INFO     |   Deleted Records: 0
2025-10-02 19:45:37 | INFO     |   CSV Files Created: 0
2025-10-02 19:45:37 | INFO     | ============================================================
2025-10-02 19:46:07 | INFO     | Starting sync cycle #452
2025-10-02 19:46:07 | INFO     | Found 1 DBF file(s) in RMan_Export
2025-10-02 19:46:07 | INFO     | Processing: AnyConv.com__dummy_pos.dbf
2025-10-02 19:46:07 | INFO     | Detecting changes in AnyConv.com__dummy_pos.dbf
2025-10-02 19:46:07 | INFO     | Reading DBF file: RMan_Export/AnyConv.com__dummy_pos.dbf
2025-10-02 19:46:07 | INFO     | Successfully read 5 records from RMan_Export/AnyConv.com__dummy_pos.dbf
2025-10-02 19:46:07 | INFO     | Change detection complete for AnyConv.com__dummy_pos.dbf:
2025-10-02 19:46:07 | INFO     |   New records: 0
2025-10-02 19:46:07 | INFO     |   Updated records: 0
2025-10-02 19:46:07 | INFO     |   Deleted records: 0
2025-10-02 19:46:07 | INFO     |   Unchanged records: 5
2025-10-02 19:46:07 | INFO     |   Max DOC_NO: 0
2025-10-02 19:46:07 | INFO     | No changes detected in AnyConv.com__dummy_pos.dbf
2025-10-02 19:46:07 | INFO     | ============================================================
2025-10-02 19:46:07 | INFO     | Sync Cycle #452 Complete
2025-10-02 19:46:07 | INFO     |   Duration: 0.01 seconds
2025-10-02 19:46:07 | INFO     |   Files Processed: 1
2025-10-02 19:46:07 | INFO     |   New Records: 0
2025-10-02 19:46:07 | INFO     |   Updated Records: 0
2025-10-02 19:46:07 | INFO     |   Deleted Records: 0
2025-10-02 19:46:07 | INFO     |   CSV Files Created: 0
2025-10-02 19:46:07 | INFO     | ============================================================
2025-10-02 19:46:37 | INFO     | Starting sync cycle #453
2025-10-02 19:46:37 | INFO     | Found 1 DBF file(s) in RMan_Export
2025-10-02 19:46:37 | INFO     | Processing: AnyConv.com__dummy_pos.dbf
2025-10-02 19:46:37 | INFO     | Detecting changes in AnyConv.com__dummy_pos.dbf
2025-10-02 19:46:37 | INFO     | Reading DBF file: RMan_Export/AnyConv.com__dummy_pos.dbf
2025-10-02 19:46:37 | INFO     | Successfully read 5 records from RMan_Export/AnyConv.com__dummy_pos.dbf
2025-10-02 19:46:37 | INFO     | Change detection complete for AnyConv.com__dummy_pos.dbf:
2025-10-02 19:46:37 | INFO     |   New records: 0
2025-10-02 19:46:37 | INFO     |   Updated records: 0
2025-10-02 19:46:37 | INFO     |   Deleted records: 0
2025-10-02 19:46:37 | INFO     |   Unchanged records: 5
2025-10-02 19:46:37 | INFO     |   Max DOC_NO: 0
2025-10-02 19:46:37 | INFO     | No changes detected in AnyConv.com__dummy_pos.dbf
2025-10-02 19:46:37 | INFO     | ============================================================
2025-10-02 19:46:37 | INFO     | Sync Cycle #453 Complete
2025-10-02 19:46:37 | INFO     |   Duration: 0.01 seconds
2025-10-02 19:46:37 | INFO     |   Files Processed: 1
2025-10-02 19:46:37 | INFO     |   New Records: 0
2025-10-02 19:46:37 | INFO     |   Updated Records: 0
2025-10-02 19:46:37 | INFO     |   Deleted Records: 0
2025-10-02 19:46:37 | INFO     |   CSV Files Created: 0
2025-10-02 19:46:37 | INFO     | ============================================================
2025-10-02 19:47:07 | INFO     | Starting sync cycle #454
2025-10-02 19:47:07 | INFO     | Found 1 DBF file(s) in RMan_Export
2025-10-02 19:47:07 | INFO     | Processing: AnyConv.com__dummy_pos.dbf
2025-10-02 19:47:07 | INFO     | Detecting changes in AnyConv.com__dummy_pos.dbf
2025-10-02 19:47:07 | INFO     | Reading DBF file: RMan_Export/AnyConv.com__dummy_pos.dbf
2025-10-02 19:47:07 | INFO     | Successfully read 5 records from RMan_Export/AnyConv.com__dummy_pos.dbf
2025-10-02 19:47:07 | INFO     | Change detection complete for AnyConv.com__dummy_pos.dbf:
2025-10-02 19:47:07 | INFO     |   New records: 0
2025-10-02 19:47:07 | INFO     |   Updated records: 0
2025-10-02 19:47:07 | INFO     |   Deleted records: 0
2025-10-02 19:47:07 | INFO     |   Unchanged records: 5
2025-10-02 19:47:07 | INFO     |   Max DOC_NO: 0
2025-10-02 19:47:07 | INFO     | No changes detected in AnyConv.com__dummy_pos.dbf
2025-10-02 19:47:07 | INFO     | ============================================================
2025-10-02 19:47:07 | INFO     | Sync Cycle #454 Complete
2025-10-02 19:47:07 | INFO     |   Duration: 0.02 seconds
2025-10-02 19:47:07 | INFO     |   Files Processed: 1
2025-10-02 19:47:07 | INFO     |   New Records: 0
2025-10-02 19:47:07 | INFO     |   Updated Records: 0
2025-10-02 19:47:07 | INFO     |   Deleted Records: 0
2025-10-02 19:47:07 | INFO     |   CSV Files Created: 0
2025-10-02 19:47:07 | INFO     | ============================================================
2025-10-02 19:47:38 | INFO     | Starting sync cycle #455
2025-10-02 19:47:38 | INFO     | Found 1 DBF file(s) in RMan_Export
2025-10-02 19:47:38 | INFO     | Processing: AnyConv.com__dummy_pos.dbf
2025-10-02 19:47:38 | INFO     | Detecting changes in AnyConv.com__dummy_pos.dbf
2025-10-02 19:47:38 | INFO     | Reading DBF file: RMan_Export/AnyConv.com__dummy_pos.dbf
2025-10-02 19:47:38 | INFO     | Successfully read 5 records from RMan_Export/AnyConv.com__dummy_pos.dbf
2025-10-02 19:47:38 | INFO     | Change detection complete for AnyConv.com__dummy_pos.dbf:
2025-10-02 19:47:38 | INFO     |   New records: 0
2025-10-02 19:47:38 | INFO     |   Updated records: 0
2025-10-02 19:47:38 | INFO     |   Deleted records: 0
2025-10-02 19:47:38 | INFO     |   Unchanged records: 5
2025-10-02 19:47:38 | INFO     |   Max DOC_NO: 0
2025-10-02 19:47:38 | INFO     | No changes detected in AnyConv.com__dummy_pos.dbf
2025-10-02 19:47:38 | INFO     | ============================================================
2025-10-02 19:47:38 | INFO     | Sync Cycle #455 Complete
2025-10-02 19:47:38 | INFO     |   Duration: 0.02 seconds
2025-10-02 19:47:38 | INFO     |   Files Processed: 1
2025-10-02 19:47:38 | INFO     |   New Records: 0
2025-10-02 19:47:38 | INFO     |   Updated Records: 0
2025-10-02 19:47:38 | INFO     |   Deleted Records: 0
2025-10-02 19:47:38 | INFO     |   CSV Files Created: 0
2025-10-02 19:47:38 | INFO     | ============================================================
2025-10-02 19:48:08 | INFO     | Starting sync cycle #456
2025-10-02 19:48:08 | INFO     | Found 1 DBF file(s) in RMan_Export
2025-10-02 19:48:08 | INFO     | Processing: AnyConv.com__dummy_pos.dbf
2025-10-02 19:48:08 | INFO     | Detecting changes in AnyConv.com__dummy_pos.dbf
2025-10-02 19:48:08 | INFO     | Reading DBF file: RMan_Export/AnyConv.com__dummy_pos.dbf
2025-10-02 19:48:08 | INFO     | Successfully read 5 records from RMan_Export/AnyConv.com__dummy_pos.dbf
2025-10-02 19:48:08 | INFO     | Change detection complete for AnyConv.com__dummy_pos.dbf:
2025-10-02 19:48:08 | INFO     |   New records: 0
2025-10-02 19:48:08 | INFO     |   Updated records: 0
2025-10-02 19:48:08 | INFO     |   Deleted records: 0
2025-10-02 19:48:08 | INFO     |   Unchanged records: 5
2025-10-02 19:48:08 | INFO     |   Max DOC_NO: 0
2025-10-02 19:48:08 | INFO     | No changes detected in AnyConv.com__dummy_pos.dbf
2025-10-02 19:48:08 | INFO     | ============================================================
2025-10-02 19:48:08 | INFO     | Sync Cycle #456 Complete
2025-10-02 19:48:08 | INFO     |   Duration: 0.01 seconds
2025-10-02 19:48:08 | INFO     |   Files Processed: 1
2025-10-02 19:48:08 | INFO     |   New Records: 0
2025-10-02 19:48:08 | INFO     |   Updated Records: 0
2025-10-02 19:48:08 | INFO     |   Deleted Records: 0
2025-10-02 19:48:08 | INFO     |   CSV Files Created: 0
2025-10-02 19:48:08 | INFO     | ============================================================
2025-10-02 19:48:38 | INFO     | Starting sync cycle #457
2025-10-02 19:48:38 | INFO     | Found 1 DBF file(s) in RMan_Export
2025-10-02 19:48:38 | INFO     | Processing: AnyConv.com__dummy_pos.dbf
2025-10-02 19:48:38 | INFO     | Detecting changes in AnyConv.com__dummy_pos.dbf
2025-10-02 19:48:38 | INFO     | Reading DBF file: RMan_Export/AnyConv.com__dummy_pos.dbf
2025-10-02 19:48:38 | INFO     | Successfully read 5 records from RMan_Export/AnyConv.com__dummy_pos.dbf
2025-10-02 19:48:38 | INFO     | Change detection complete for AnyConv.com__dummy_pos.dbf:
2025-10-02 19:48:38 | INFO     |   New records: 0
2025-10-02 19:48:38 | INFO     |   Updated records: 0
2025-10-02 19:48:38 | INFO     |   Deleted records: 0
2025-10-02 19:48:38 | INFO     |   Unchanged records: 5
2025-10-02 19:48:38 | INFO     |   Max DOC_NO: 0
2025-10-02 19:48:38 | INFO     | No changes detected in AnyConv.com__dummy_pos.dbf
2025-10-02 19:48:38 | INFO     | ============================================================
2025-10-02 19:48:38 | INFO     | Sync Cycle #457 Complete
2025-10-02 19:48:38 | INFO     |   Duration: 0.01 seconds
2025-10-02 19:48:38 | INFO     |   Files Processed: 1
2025-10-02 19:48:38 | INFO     |   New Records: 0
2025-10-02 19:48:38 | INFO     |   Updated Records: 0
2025-10-02 19:48:38 | INFO     |   Deleted Records: 0
2025-10-02 19:48:38 | INFO     |   CSV Files Created: 0
2025-10-02 19:48:38 | INFO     | ============================================================
2025-10-02 19:49:08 | INFO     | Starting sync cycle #458
2025-10-02 19:49:08 | INFO     | Found 1 DBF file(s) in RMan_Export
2025-10-02 19:49:08 | INFO     | Processing: AnyConv.com__dummy_pos.dbf
2025-10-02 19:49:08 | INFO     | Detecting changes in AnyConv.com__dummy_pos.dbf
2025-10-02 19:49:08 | INFO     | Reading DBF file: RMan_Export/AnyConv.com__dummy_pos.dbf
2025-10-02 19:49:08 | INFO     | Successfully read 5 records from RMan_Export/AnyConv.com__dummy_pos.dbf
2025-10-02 19:49:08 | INFO     | Change detection complete for AnyConv.com__dummy_pos.dbf:
2025-10-02 19:49:08 | INFO     |   New records: 0
2025-10-02 19:49:08 | INFO     |   Updated records: 0
2025-10-02 19:49:08 | INFO     |   Deleted records: 0
2025-10-02 19:49:08 | INFO     |   Unchanged records: 5
2025-10-02 19:49:08 | INFO     |   Max DOC_NO: 0
2025-10-02 19:49:08 | INFO     | No changes detected in AnyConv.com__dummy_pos.dbf
2025-10-02 19:49:08 | INFO     | ============================================================
2025-10-02 19:49:08 | INFO     | Sync Cycle #458 Complete
2025-10-02 19:49:08 | INFO     |   Duration: 0.02 seconds
2025-10-02 19:49:08 | INFO     |   Files Processed: 1
2025-10-02 19:49:08 | INFO     |   New Records: 0
2025-10-02 19:49:08 | INFO     |   Updated Records: 0
2025-10-02 19:49:08 | INFO     |   Deleted Records: 0
2025-10-02 19:49:08 | INFO     |   CSV Files Created: 0
2025-10-02 19:49:08 | INFO     | ============================================================
2025-10-02 19:49:39 | INFO     | Starting sync cycle #459
2025-10-02 19:49:39 | INFO     | Found 1 DBF file(s) in RMan_Export
2025-10-02 19:49:39 | INFO     | Processing: AnyConv.com__dummy_pos.dbf
2025-10-02 19:49:39 | INFO     | Detecting changes in AnyConv.com__dummy_pos.dbf
2025-10-02 19:49:39 | INFO     | Reading DBF file: RMan_Export/AnyConv.com__dummy_pos.dbf
2025-10-02 19:49:39 | INFO     | Successfully read 5 records from RMan_Export/AnyConv.com__dummy_pos.dbf
2025-10-02 19:49:39 | INFO     | Change detection complete for AnyConv.com__dummy_pos.dbf:
2025-10-02 19:49:39 | INFO     |   New records: 0
2025-10-02 19:49:39 | INFO     |   Updated records: 0
2025-10-02 19:49:39 | INFO     |   Deleted records: 0
2025-10-02 19:49:39 | INFO     |   Unchanged records: 5
2025-10-02 19:49:39 | INFO     |   Max DOC_NO: 0
2025-10-02 19:49:39 | INFO     | No changes detected in AnyConv.com__dummy_pos.dbf
2025-10-02 19:49:39 | INFO     | ============================================================
2025-10-02 19:49:39 | INFO     | Sync Cycle #459 Complete
2025-10-02 19:49:39 | INFO     |   Duration: 0.01 seconds
2025-10-02 19:49:39 | INFO     |   Files Processed: 1
2025-10-02 19:49:39 | INFO     |   New Records: 0
2025-10-02 19:49:39 | INFO     |   Updated Records: 0
2025-10-02 19:49:39 | INFO     |   Deleted Records: 0
2025-10-02 19:49:39 | INFO     |   CSV Files Created: 0
2025-10-02 19:49:39 | INFO     | ============================================================
2025-10-02 19:50:09 | INFO     | Starting sync cycle #460
2025-10-02 19:50:09 | INFO     | Found 1 DBF file(s) in RMan_Export
2025-10-02 19:50:09 | INFO     | Processing: AnyConv.com__dummy_pos.dbf
2025-10-02 19:50:09 | INFO     | Detecting changes in AnyConv.com__dummy_pos.dbf
2025-10-02 19:50:09 | INFO     | Reading DBF file: RMan_Export/AnyConv.com__dummy_pos.dbf
2025-10-02 19:50:09 | INFO     | Successfully read 5 records from RMan_Export/AnyConv.com__dummy_pos.dbf
2025-10-02 19:50:09 | INFO     | Change detection complete for AnyConv.com__dummy_pos.dbf:
2025-10-02 19:50:09 | INFO     |   New records: 0
2025-10-02 19:50:09 | INFO     |   Updated records: 0
2025-10-02 19:50:09 | INFO     |   Deleted records: 0
2025-10-02 19:50:09 | INFO     |   Unchanged records: 5
2025-10-02 19:50:09 | INFO     |   Max DOC_NO: 0
2025-10-02 19:50:09 | INFO     | No changes detected in AnyConv.com__dummy_pos.dbf
2025-10-02 19:50:09 | INFO     | ============================================================
2025-10-02 19:50:09 | INFO     | Sync Cycle #460 Complete
2025-10-02 19:50:09 | INFO     |   Duration: 0.03 seconds
2025-10-02 19:50:09 | INFO     |   Files Processed: 1
2025-10-02 19:50:09 | INFO     |   New Records: 0
2025-10-02 19:50:09 | INFO     |   Updated Records: 0
2025-10-02 19:50:09 | INFO     |   Deleted Records: 0
2025-10-02 19:50:09 | INFO     |   CSV Files Created: 0
2025-10-02 19:50:09 | INFO     | ============================================================
2025-10-02 19:50:39 | INFO     | Starting sync cycle #461
2025-10-02 19:50:39 | INFO     | Found 1 DBF file(s) in RMan_Export
2025-10-02 19:50:39 | INFO     | Processing: AnyConv.com__dummy_pos.dbf
2025-10-02 19:50:39 | INFO     | Detecting changes in AnyConv.com__dummy_pos.dbf
2025-10-02 19:50:39 | INFO     | Reading DBF file: RMan_Export/AnyConv.com__dummy_pos.dbf
2025-10-02 19:50:39 | INFO     | Successfully read 5 records from RMan_Export/AnyConv.com__dummy_pos.dbf
2025-10-02 19:50:39 | INFO     | Change detection complete for AnyConv.com__dummy_pos.dbf:
2025-10-02 19:50:39 | INFO     |   New records: 0
2025-10-02 19:50:39 | INFO     |   Updated records: 0
2025-10-02 19:50:39 | INFO     |   Deleted records: 0
2025-10-02 19:50:39 | INFO     |   Unchanged records: 5
2025-10-02 19:50:39 | INFO     |   Max DOC_NO: 0
2025-10-02 19:50:39 | INFO     | No changes detected in AnyConv.com__dummy_pos.dbf
2025-10-02 19:50:39 | INFO     | ============================================================
2025-10-02 19:50:39 | INFO     | Sync Cycle #461 Complete
2025-10-02 19:50:39 | INFO     |   Duration: 0.01 seconds
2025-10-02 19:50:39 | INFO     |   Files Processed: 1
2025-10-02 19:50:39 | INFO     |   New Records: 0
2025-10-02 19:50:39 | INFO     |   Updated Records: 0
2025-10-02 19:50:39 | INFO     |   Deleted Records: 0
2025-10-02 19:50:39 | INFO     |   CSV Files Created: 0
2025-10-02 19:50:39 | INFO     | ============================================================
2025-10-02 19:51:09 | INFO     | Starting sync cycle #462
2025-10-02 19:51:09 | INFO     | Found 1 DBF file(s) in RMan_Export
2025-10-02 19:51:09 | INFO     | Processing: AnyConv.com__dummy_pos.dbf
2025-10-02 19:51:09 | INFO     | Detecting changes in AnyConv.com__dummy_pos.dbf
2025-10-02 19:51:09 | INFO     | Reading DBF file: RMan_Export/AnyConv.com__dummy_pos.dbf
2025-10-02 19:51:09 | INFO     | Successfully read 5 records from RMan_Export/AnyConv.com__dummy_pos.dbf
2025-10-02 19:51:09 | INFO     | Change detection complete for AnyConv.com__dummy_pos.dbf:
2025-10-02 19:51:09 | INFO     |   New records: 0
2025-10-02 19:51:09 | INFO     |   Updated records: 0
2025-10-02 19:51:09 | INFO     |   Deleted records: 0
2025-10-02 19:51:09 | INFO     |   Unchanged records: 5
2025-10-02 19:51:09 | INFO     |   Max DOC_NO: 0
2025-10-02 19:51:09 | INFO     | No changes detected in AnyConv.com__dummy_pos.dbf
2025-10-02 19:51:09 | INFO     | ============================================================
2025-10-02 19:51:09 | INFO     | Sync Cycle #462 Complete
2025-10-02 19:51:09 | INFO     |   Duration: 0.02 seconds
2025-10-02 19:51:09 | INFO     |   Files Processed: 1
2025-10-02 19:51:09 | INFO     |   New Records: 0
2025-10-02 19:51:09 | INFO     |   Updated Records: 0
2025-10-02 19:51:09 | INFO     |   Deleted Records: 0
2025-10-02 19:51:09 | INFO     |   CSV Files Created: 0
2025-10-02 19:51:09 | INFO     | ============================================================
2025-10-02 20:02:26 | INFO     | Starting sync cycle #463
2025-10-02 20:02:26 | INFO     | Found 1 DBF file(s) in RMan_Export
2025-10-02 20:02:26 | INFO     | Processing: AnyConv.com__dummy_pos.dbf
2025-10-02 20:02:26 | INFO     | Detecting changes in AnyConv.com__dummy_pos.dbf
2025-10-02 20:02:26 | INFO     | Reading DBF file: RMan_Export/AnyConv.com__dummy_pos.dbf
2025-10-02 20:02:26 | INFO     | Successfully read 5 records from RMan_Export/AnyConv.com__dummy_pos.dbf
2025-10-02 20:02:26 | INFO     | Change detection complete for AnyConv.com__dummy_pos.dbf:
2025-10-02 20:02:26 | INFO     |   New records: 0
2025-10-02 20:02:26 | INFO     |   Updated records: 0
2025-10-02 20:02:26 | INFO     |   Deleted records: 0
2025-10-02 20:02:26 | INFO     |   Unchanged records: 5
2025-10-02 20:02:26 | INFO     |   Max DOC_NO: 0
2025-10-02 20:02:26 | INFO     | No changes detected in AnyConv.com__dummy_pos.dbf
2025-10-02 20:02:26 | INFO     | ============================================================
2025-10-02 20:02:26 | INFO     | Sync Cycle #463 Complete
2025-10-02 20:02:26 | INFO     |   Duration: 0.17 seconds
2025-10-02 20:02:26 | INFO     |   Files Processed: 1
2025-10-02 20:02:26 | INFO     |   New Records: 0
2025-10-02 20:02:26 | INFO     |   Updated Records: 0
2025-10-02 20:02:26 | INFO     |   Deleted Records: 0
2025-10-02 20:02:26 | INFO     |   CSV Files Created: 0
2025-10-02 20:02:26 | INFO     | ============================================================
2025-10-02 20:02:56 | INFO     | Starting sync cycle #464
2025-10-02 20:02:57 | INFO     | Found 1 DBF file(s) in RMan_Export
2025-10-02 20:02:56 | INFO     | Processing: AnyConv.com__dummy_pos.dbf
2025-10-02 20:02:56 | INFO     | Detecting changes in AnyConv.com__dummy_pos.dbf
2025-10-02 20:02:57 | INFO     | Reading DBF file: RMan_Export/AnyConv.com__dummy_pos.dbf
2025-10-02 20:02:57 | INFO     | Successfully read 5 records from RMan_Export/AnyConv.com__dummy_pos.dbf
2025-10-02 20:02:57 | INFO     | Change detection complete for AnyConv.com__dummy_pos.dbf:
2025-10-02 20:02:57 | INFO     |   New records: 0
2025-10-02 20:02:57 | INFO     |   Updated records: 0
2025-10-02 20:02:57 | INFO     |   Deleted records: 0
2025-10-02 20:02:57 | INFO     |   Unchanged records: 5
2025-10-02 20:02:57 | INFO     |   Max DOC_NO: 0
2025-10-02 20:02:57 | INFO     | No changes detected in AnyConv.com__dummy_pos.dbf
2025-10-02 20:02:57 | INFO     | ============================================================
2025-10-02 20:02:57 | INFO     | Sync Cycle #464 Complete
2025-10-02 20:02:57 | INFO     |   Duration: 0.59 seconds
2025-10-02 20:02:57 | INFO     |   Files Processed: 1
2025-10-02 20:02:57 | INFO     |   New Records: 0
2025-10-02 20:02:57 | INFO     |   Updated Records: 0
2025-10-02 20:02:57 | INFO     |   Deleted Records: 0
2025-10-02 20:02:57 | INFO     |   CSV Files Created: 0
2025-10-02 20:02:57 | INFO     | ============================================================
